<?xml version="1.0" encoding="UTF-8"?>
<coverage generated="1599488046473" clover="3.2.0">
  <project timestamp="1599488046474" name="All files">
    <metrics statements="24" coveredstatements="2" conditionals="7" coveredconditionals="0" methods="12" coveredmethods="2" elements="43" coveredelements="4" complexity="0" loc="24" ncloc="24" packages="2" files="2" classes="2"/>
    <package name="components.PizzaCard">
      <metrics statements="1" coveredstatements="1" conditionals="0" coveredconditionals="0" methods="1" coveredmethods="1"/>
      <file name="PizzaCard.vue" path="C:\Workspace\free\pizza_builder\src\components\PizzaCard\PizzaCard.vue">
        <metrics statements="1" coveredstatements="1" conditionals="0" coveredconditionals="0" methods="1" coveredmethods="1"/>
        <line num="29" count="1" type="stmt"/>
      </file>
    </package>
    <package name="store">
      <metrics statements="23" coveredstatements="1" conditionals="7" coveredconditionals="0" methods="11" coveredmethods="1"/>
      <file name="mutations.js" path="C:\Workspace\free\pizza_builder\src\store\mutations.js">
        <metrics statements="23" coveredstatements="1" conditionals="7" coveredconditionals="0" methods="11" coveredmethods="1"/>
        <line num="5" count="0" type="stmt"/>
        <line num="6" count="0" type="stmt"/>
        <line num="11" count="0" type="cond" truecount="0" falsecount="2"/>
        <line num="16" count="0" type="stmt"/>
        <line num="19" count="0" type="stmt"/>
        <line num="20" count="0" type="stmt"/>
        <line num="21" count="0" type="stmt"/>
        <line num="22" count="0" type="stmt"/>
        <line num="25" count="0" type="stmt"/>
        <line num="28" count="0" type="stmt"/>
        <line num="29" count="0" type="stmt"/>
        <line num="33" count="0" type="stmt"/>
        <line num="36" count="0" type="stmt"/>
        <line num="39" count="0" type="stmt"/>
        <line num="42" count="0" type="stmt"/>
        <line num="45" count="0" type="stmt"/>
        <line num="48" count="0" type="stmt"/>
        <line num="49" count="0" type="stmt"/>
        <line num="50" count="0" type="cond" truecount="0" falsecount="2"/>
        <line num="51" count="0" type="stmt"/>
        <line num="52" count="0" type="stmt"/>
        <line num="56" count="0" type="stmt"/>
        <line num="59" count="1" type="stmt"/>
      </file>
    </package>
  </project>
</coverage>
