{"C:\\Workspace\\free\\pizza_builder\\src\\components\\BebidaCard\\BebidaCard.vue": {"path":"C:\\Workspace\\free\\pizza_builder\\src\\components\\BebidaCard\\BebidaCard.vue","statementMap":{"0":{"start":{"line":16,"column":0},"end":{"line":16,"column":null}},"1":{"start":{"line":22,"column":0},"end":{"line":22,"column":null}},"2":{"start":{"line":26,"column":0},"end":{"line":26,"column":null}},"3":{"start":{"line":29,"column":0},"end":{"line":29,"column":null}},"4":{"start":{"line":32,"column":0},"end":{"line":32,"column":null}}},"fnMap":{"0":{"name":"(anonymous_2)","decl":{"start":{"line":21,"column":0},"end":{"line":21,"column":null}},"loc":{"start":{"line":21,"column":0},"end":{"line":24,"column":null}}},"1":{"name":"(anonymous_3)","decl":{"start":{"line":25,"column":0},"end":{"line":25,"column":null}},"loc":{"start":{"line":25,"column":0},"end":{"line":27,"column":null}}},"2":{"name":"(anonymous_4)","decl":{"start":{"line":28,"column":0},"end":{"line":28,"column":null}},"loc":{"start":{"line":28,"column":0},"end":{"line":30,"column":null}}},"3":{"name":"(anonymous_5)","decl":{"start":{"line":31,"column":0},"end":{"line":31,"column":null}},"loc":{"start":{"line":31,"column":0},"end":{"line":33,"column":null}}}},"branchMap":{},"s":{"0":2,"1":1,"2":7,"3":7,"4":1},"f":{"0":1,"1":7,"2":7,"3":1},"b":{}}
,"C:\\Workspace\\free\\pizza_builder\\src\\components\\BebidaPedido\\BebidaPedido.vue": {"path":"C:\\Workspace\\free\\pizza_builder\\src\\components\\BebidaPedido\\BebidaPedido.vue","statementMap":{"0":{"start":{"line":13,"column":0},"end":{"line":13,"column":null}}},"fnMap":{"0":{"name":"(anonymous_1)","decl":{"start":{"line":12,"column":0},"end":{"line":12,"column":null}},"loc":{"start":{"line":12,"column":0},"end":{"line":14,"column":null}}}},"branchMap":{},"s":{"0":1},"f":{"0":1},"b":{}}
,"C:\\Workspace\\free\\pizza_builder\\src\\components\\BordaSection\\BordaSection.vue": {"path":"C:\\Workspace\\free\\pizza_builder\\src\\components\\BordaSection\\BordaSection.vue","statementMap":{"0":{"start":{"line":20,"column":0},"end":{"line":20,"column":null}},"1":{"start":{"line":27,"column":0},"end":{"line":27,"column":null}},"2":{"start":{"line":30,"column":0},"end":{"line":30,"column":null}}},"fnMap":{"0":{"name":"(anonymous_2)","decl":{"start":{"line":26,"column":0},"end":{"line":26,"column":null}},"loc":{"start":{"line":26,"column":0},"end":{"line":28,"column":null}}},"1":{"name":"(anonymous_3)","decl":{"start":{"line":29,"column":0},"end":{"line":29,"column":null}},"loc":{"start":{"line":29,"column":0},"end":{"line":31,"column":null}}}},"branchMap":{},"s":{"0":2,"1":7,"2":0},"f":{"0":7,"1":0},"b":{}}
,"C:\\Workspace\\free\\pizza_builder\\src\\components\\PizzaCard\\PizzaCard.vue": {"path":"C:\\Workspace\\free\\pizza_builder\\src\\components\\PizzaCard\\PizzaCard.vue","statementMap":{"0":{"start":{"line":29,"column":0},"end":{"line":29,"column":null}}},"fnMap":{"0":{"name":"(anonymous_1)","decl":{"start":{"line":28,"column":0},"end":{"line":28,"column":null}},"loc":{"start":{"line":28,"column":0},"end":{"line":30,"column":null}}}},"branchMap":{},"s":{"0":1},"f":{"0":1},"b":{}}
,"C:\\Workspace\\free\\pizza_builder\\src\\components\\SaborCard\\SaborCard.vue": {"path":"C:\\Workspace\\free\\pizza_builder\\src\\components\\SaborCard\\SaborCard.vue","statementMap":{"0":{"start":{"line":18,"column":0},"end":{"line":18,"column":null}},"1":{"start":{"line":24,"column":0},"end":{"line":24,"column":null}},"2":{"start":{"line":30,"column":0},"end":{"line":34,"column":null}},"3":{"start":{"line":31,"column":0},"end":{"line":31,"column":null}},"4":{"start":{"line":33,"column":0},"end":{"line":33,"column":null}},"5":{"start":{"line":37,"column":0},"end":{"line":37,"column":null}},"6":{"start":{"line":40,"column":0},"end":{"line":40,"column":null}},"7":{"start":{"line":43,"column":0},"end":{"line":43,"column":null}},"8":{"start":{"line":44,"column":0},"end":{"line":44,"column":null}},"9":{"start":{"line":45,"column":0},"end":{"line":49,"column":null}},"10":{"start":{"line":46,"column":0},"end":{"line":46,"column":null}},"11":{"start":{"line":48,"column":0},"end":{"line":48,"column":null}}},"fnMap":{"0":{"name":"(anonymous_2)","decl":{"start":{"line":23,"column":0},"end":{"line":23,"column":null}},"loc":{"start":{"line":23,"column":0},"end":{"line":25,"column":null}}},"1":{"name":"(anonymous_3)","decl":{"start":{"line":29,"column":0},"end":{"line":29,"column":null}},"loc":{"start":{"line":29,"column":0},"end":{"line":35,"column":null}}},"2":{"name":"(anonymous_4)","decl":{"start":{"line":36,"column":0},"end":{"line":36,"column":null}},"loc":{"start":{"line":36,"column":0},"end":{"line":38,"column":null}}},"3":{"name":"(anonymous_5)","decl":{"start":{"line":39,"column":0},"end":{"line":39,"column":null}},"loc":{"start":{"line":39,"column":0},"end":{"line":41,"column":null}}},"4":{"name":"(anonymous_6)","decl":{"start":{"line":42,"column":0},"end":{"line":42,"column":null}},"loc":{"start":{"line":42,"column":0},"end":{"line":50,"column":null}}}},"branchMap":{"0":{"loc":{"start":{"line":30,"column":0},"end":{"line":34,"column":null}},"type":"if","locations":[{"start":{"line":30,"column":0},"end":{"line":34,"column":null}},{"start":{"line":30,"column":0},"end":{"line":34,"column":null}}]},"1":{"loc":{"start":{"line":45,"column":0},"end":{"line":49,"column":null}},"type":"if","locations":[{"start":{"line":45,"column":0},"end":{"line":49,"column":null}},{"start":{"line":45,"column":0},"end":{"line":49,"column":null}}]}},"s":{"0":3,"1":77,"2":77,"3":73,"4":4,"5":3,"6":0,"7":77,"8":77,"9":77,"10":71,"11":6},"f":{"0":77,"1":77,"2":3,"3":0,"4":77},"b":{"0":[73,4],"1":[71,6]}}
,"C:\\Workspace\\free\\pizza_builder\\src\\components\\TamanhoSection\\TamanhoSection.vue": {"path":"C:\\Workspace\\free\\pizza_builder\\src\\components\\TamanhoSection\\TamanhoSection.vue","statementMap":{"0":{"start":{"line":20,"column":0},"end":{"line":20,"column":null}},"1":{"start":{"line":27,"column":0},"end":{"line":27,"column":null}},"2":{"start":{"line":31,"column":0},"end":{"line":31,"column":null}}},"fnMap":{"0":{"name":"(anonymous_2)","decl":{"start":{"line":26,"column":0},"end":{"line":26,"column":null}},"loc":{"start":{"line":26,"column":0},"end":{"line":28,"column":null}}},"1":{"name":"(anonymous_3)","decl":{"start":{"line":29,"column":0},"end":{"line":29,"column":null}},"loc":{"start":{"line":29,"column":0},"end":{"line":32,"column":null}}}},"branchMap":{},"s":{"0":2,"1":7,"2":0},"f":{"0":7,"1":0},"b":{}}
,"C:\\Workspace\\free\\pizza_builder\\src\\router\\index.js": {"path":"C:\\Workspace\\free\\pizza_builder\\src\\router\\index.js","statementMap":{"0":{"start":{"line":5,"column":0},"end":{"line":5,"column":18}},"1":{"start":{"line":7,"column":17},"end":{"line":30,"column":1}},"2":{"start":{"line":11,"column":21},"end":{"line":11,"column":53}},"3":{"start":{"line":16,"column":21},"end":{"line":16,"column":59}},"4":{"start":{"line":21,"column":21},"end":{"line":21,"column":57}},"5":{"start":{"line":26,"column":21},"end":{"line":26,"column":69}},"6":{"start":{"line":32,"column":15},"end":{"line":36,"column":2}}},"fnMap":{"0":{"name":"(anonymous_0)","decl":{"start":{"line":11,"column":15},"end":{"line":11,"column":16}},"loc":{"start":{"line":11,"column":21},"end":{"line":11,"column":53}},"line":11},"1":{"name":"(anonymous_1)","decl":{"start":{"line":16,"column":15},"end":{"line":16,"column":16}},"loc":{"start":{"line":16,"column":21},"end":{"line":16,"column":59}},"line":16},"2":{"name":"(anonymous_2)","decl":{"start":{"line":21,"column":15},"end":{"line":21,"column":16}},"loc":{"start":{"line":21,"column":21},"end":{"line":21,"column":57}},"line":21},"3":{"name":"(anonymous_3)","decl":{"start":{"line":26,"column":15},"end":{"line":26,"column":16}},"loc":{"start":{"line":26,"column":21},"end":{"line":26,"column":69}},"line":26}},"branchMap":{},"s":{"0":1,"1":1,"2":1,"3":1,"4":0,"5":0,"6":1},"f":{"0":1,"1":1,"2":0,"3":0},"b":{},"_coverageSchema":"1a1c01bbd47fc00a2c39e90264f33305004495a9","hash":"276fb03bc40fcc67afc6df4bfa7af3bd1d049dfe"}
,"C:\\Workspace\\free\\pizza_builder\\src\\store\\getters.js": {"path":"C:\\Workspace\\free\\pizza_builder\\src\\store\\getters.js","statementMap":{"0":{"start":{"line":3,"column":6},"end":{"line":3,"column":37}},"1":{"start":{"line":6,"column":6},"end":{"line":6,"column":30}},"2":{"start":{"line":9,"column":6},"end":{"line":9,"column":34}},"3":{"start":{"line":12,"column":6},"end":{"line":12,"column":26}},"4":{"start":{"line":15,"column":6},"end":{"line":15,"column":27}},"5":{"start":{"line":17,"column":28},"end":{"line":25,"column":5}},"6":{"start":{"line":18,"column":18},"end":{"line":18,"column":19}},"7":{"start":{"line":19,"column":6},"end":{"line":23,"column":7}},"8":{"start":{"line":19,"column":19},"end":{"line":19,"column":20}},"9":{"start":{"line":20,"column":8},"end":{"line":22,"column":9}},"10":{"start":{"line":21,"column":10},"end":{"line":21,"column":18}},"11":{"start":{"line":24,"column":6},"end":{"line":24,"column":19}},"12":{"start":{"line":27,"column":16},"end":{"line":27,"column":18}},"13":{"start":{"line":28,"column":22},"end":{"line":28,"column":59}},"14":{"start":{"line":30,"column":6},"end":{"line":37,"column":9}},"15":{"start":{"line":31,"column":8},"end":{"line":36,"column":14}},"16":{"start":{"line":32,"column":10},"end":{"line":34,"column":11}},"17":{"start":{"line":33,"column":12},"end":{"line":33,"column":18}},"18":{"start":{"line":35,"column":10},"end":{"line":35,"column":21}},"19":{"start":{"line":39,"column":15},"end":{"line":39,"column":17}},"20":{"start":{"line":40,"column":6},"end":{"line":44,"column":9}},"21":{"start":{"line":41,"column":18},"end":{"line":41,"column":20}},"22":{"start":{"line":42,"column":8},"end":{"line":42,"column":61}},"23":{"start":{"line":43,"column":8},"end":{"line":43,"column":21}},"24":{"start":{"line":45,"column":6},"end":{"line":45,"column":16}},"25":{"start":{"line":48,"column":6},"end":{"line":48,"column":44}}},"fnMap":{"0":{"name":"(anonymous_0)","decl":{"start":{"line":2,"column":4},"end":{"line":2,"column":5}},"loc":{"start":{"line":2,"column":32},"end":{"line":4,"column":5}},"line":2},"1":{"name":"(anonymous_1)","decl":{"start":{"line":5,"column":4},"end":{"line":5,"column":5}},"loc":{"start":{"line":5,"column":25},"end":{"line":7,"column":5}},"line":5},"2":{"name":"(anonymous_2)","decl":{"start":{"line":8,"column":4},"end":{"line":8,"column":5}},"loc":{"start":{"line":8,"column":20},"end":{"line":10,"column":5}},"line":8},"3":{"name":"(anonymous_3)","decl":{"start":{"line":11,"column":4},"end":{"line":11,"column":5}},"loc":{"start":{"line":11,"column":21},"end":{"line":13,"column":5}},"line":11},"4":{"name":"(anonymous_4)","decl":{"start":{"line":14,"column":4},"end":{"line":14,"column":5}},"loc":{"start":{"line":14,"column":22},"end":{"line":16,"column":5}},"line":14},"5":{"name":"(anonymous_5)","decl":{"start":{"line":17,"column":17},"end":{"line":17,"column":18}},"loc":{"start":{"line":17,"column":28},"end":{"line":25,"column":5}},"line":17},"6":{"name":"(anonymous_6)","decl":{"start":{"line":17,"column":28},"end":{"line":17,"column":29}},"loc":{"start":{"line":17,"column":40},"end":{"line":25,"column":5}},"line":17},"7":{"name":"(anonymous_7)","decl":{"start":{"line":26,"column":4},"end":{"line":26,"column":5}},"loc":{"start":{"line":26,"column":30},"end":{"line":46,"column":5}},"line":26},"8":{"name":"(anonymous_8)","decl":{"start":{"line":30,"column":22},"end":{"line":30,"column":23}},"loc":{"start":{"line":30,"column":34},"end":{"line":37,"column":7}},"line":30},"9":{"name":"(anonymous_9)","decl":{"start":{"line":31,"column":53},"end":{"line":31,"column":54}},"loc":{"start":{"line":31,"column":67},"end":{"line":36,"column":9}},"line":31},"10":{"name":"(anonymous_10)","decl":{"start":{"line":40,"column":31},"end":{"line":40,"column":32}},"loc":{"start":{"line":40,"column":45},"end":{"line":44,"column":7}},"line":40},"11":{"name":"(anonymous_11)","decl":{"start":{"line":47,"column":4},"end":{"line":47,"column":5}},"loc":{"start":{"line":47,"column":22},"end":{"line":49,"column":5}},"line":47}},"branchMap":{"0":{"loc":{"start":{"line":20,"column":8},"end":{"line":22,"column":9}},"type":"if","locations":[{"start":{"line":20,"column":8},"end":{"line":22,"column":9}},{"start":{"line":20,"column":8},"end":{"line":22,"column":9}}],"line":20},"1":{"loc":{"start":{"line":32,"column":10},"end":{"line":34,"column":11}},"type":"if","locations":[{"start":{"line":32,"column":10},"end":{"line":34,"column":11}},{"start":{"line":32,"column":10},"end":{"line":34,"column":11}}],"line":32}},"s":{"0":18,"1":0,"2":9,"3":2,"4":9,"5":2,"6":10,"7":10,"8":10,"9":4,"10":4,"11":10,"12":0,"13":0,"14":0,"15":0,"16":0,"17":0,"18":0,"19":0,"20":0,"21":0,"22":0,"23":0,"24":0,"25":0},"f":{"0":18,"1":0,"2":9,"3":2,"4":9,"5":2,"6":10,"7":0,"8":0,"9":0,"10":0,"11":0},"b":{"0":[4,0],"1":[0,0]},"_coverageSchema":"1a1c01bbd47fc00a2c39e90264f33305004495a9","hash":"43a07b0bc95f5dc04b35ab29dc6d66994e50db4e"}
,"C:\\Workspace\\free\\pizza_builder\\src\\store\\index.js": {"path":"C:\\Workspace\\free\\pizza_builder\\src\\store\\index.js","statementMap":{"0":{"start":{"line":5,"column":0},"end":{"line":5,"column":14}}},"fnMap":{},"branchMap":{},"s":{"0":4},"f":{},"b":{},"_coverageSchema":"1a1c01bbd47fc00a2c39e90264f33305004495a9","hash":"bfce3e12d0562a0fedf326622ddbd98be0265e1f"}
,"C:\\Workspace\\free\\pizza_builder\\src\\store\\mutations.js": {"path":"C:\\Workspace\\free\\pizza_builder\\src\\store\\mutations.js","statementMap":{"0":{"start":{"line":5,"column":16},"end":{"line":5,"column":18}},"1":{"start":{"line":6,"column":6},"end":{"line":9,"column":42}},"2":{"start":{"line":11,"column":6},"end":{"line":17,"column":7}},"3":{"start":{"line":16,"column":8},"end":{"line":16,"column":31}},"4":{"start":{"line":19,"column":6},"end":{"line":19,"column":35}},"5":{"start":{"line":20,"column":6},"end":{"line":20,"column":32}},"6":{"start":{"line":21,"column":6},"end":{"line":21,"column":25}},"7":{"start":{"line":22,"column":6},"end":{"line":22,"column":27}},"8":{"start":{"line":25,"column":6},"end":{"line":25,"column":42}},"9":{"start":{"line":28,"column":20},"end":{"line":28,"column":58}},"10":{"start":{"line":29,"column":6},"end":{"line":29,"column":47}},"11":{"start":{"line":33,"column":6},"end":{"line":33,"column":32}},"12":{"start":{"line":36,"column":6},"end":{"line":36,"column":35}},"13":{"start":{"line":39,"column":6},"end":{"line":39,"column":28}},"14":{"start":{"line":42,"column":6},"end":{"line":42,"column":42}},"15":{"start":{"line":45,"column":6},"end":{"line":45,"column":44}},"16":{"start":{"line":48,"column":18},"end":{"line":48,"column":20}},"17":{"start":{"line":49,"column":6},"end":{"line":54,"column":9}},"18":{"start":{"line":50,"column":8},"end":{"line":53,"column":9}},"19":{"start":{"line":51,"column":10},"end":{"line":51,"column":22}},"20":{"start":{"line":52,"column":10},"end":{"line":52,"column":17}},"21":{"start":{"line":56,"column":6},"end":{"line":56,"column":47}},"22":{"start":{"line":59,"column":6},"end":{"line":59,"column":33}}},"fnMap":{"0":{"name":"(anonymous_0)","decl":{"start":{"line":2,"column":4},"end":{"line":2,"column":5}},"loc":{"start":{"line":2,"column":26},"end":{"line":23,"column":5}},"line":2},"1":{"name":"(anonymous_1)","decl":{"start":{"line":24,"column":4},"end":{"line":24,"column":5}},"loc":{"start":{"line":24,"column":33},"end":{"line":26,"column":5}},"line":24},"2":{"name":"(anonymous_2)","decl":{"start":{"line":27,"column":4},"end":{"line":27,"column":5}},"loc":{"start":{"line":27,"column":31},"end":{"line":30,"column":5}},"line":27},"3":{"name":"(anonymous_3)","decl":{"start":{"line":32,"column":4},"end":{"line":32,"column":5}},"loc":{"start":{"line":32,"column":40},"end":{"line":34,"column":5}},"line":32},"4":{"name":"(anonymous_4)","decl":{"start":{"line":35,"column":4},"end":{"line":35,"column":5}},"loc":{"start":{"line":35,"column":32},"end":{"line":37,"column":5}},"line":35},"5":{"name":"(anonymous_5)","decl":{"start":{"line":38,"column":4},"end":{"line":38,"column":5}},"loc":{"start":{"line":38,"column":34},"end":{"line":40,"column":5}},"line":38},"6":{"name":"(anonymous_6)","decl":{"start":{"line":41,"column":4},"end":{"line":41,"column":5}},"loc":{"start":{"line":41,"column":34},"end":{"line":43,"column":5}},"line":41},"7":{"name":"(anonymous_7)","decl":{"start":{"line":44,"column":4},"end":{"line":44,"column":5}},"loc":{"start":{"line":44,"column":31},"end":{"line":46,"column":5}},"line":44},"8":{"name":"(anonymous_8)","decl":{"start":{"line":47,"column":4},"end":{"line":47,"column":5}},"loc":{"start":{"line":47,"column":33},"end":{"line":57,"column":5}},"line":47},"9":{"name":"(anonymous_9)","decl":{"start":{"line":49,"column":38},"end":{"line":49,"column":39}},"loc":{"start":{"line":49,"column":51},"end":{"line":54,"column":7}},"line":49},"10":{"name":"(anonymous_10)","decl":{"start":{"line":58,"column":4},"end":{"line":58,"column":5}},"loc":{"start":{"line":58,"column":28},"end":{"line":60,"column":5}},"line":58}},"branchMap":{"0":{"loc":{"start":{"line":11,"column":6},"end":{"line":17,"column":7}},"type":"if","locations":[{"start":{"line":11,"column":6},"end":{"line":17,"column":7}},{"start":{"line":11,"column":6},"end":{"line":17,"column":7}}],"line":11},"1":{"loc":{"start":{"line":12,"column":9},"end":{"line":14,"column":30}},"type":"binary-expr","locations":[{"start":{"line":12,"column":9},"end":{"line":12,"column":45}},{"start":{"line":13,"column":10},"end":{"line":13,"column":37}},{"start":{"line":14,"column":10},"end":{"line":14,"column":30}}],"line":12},"2":{"loc":{"start":{"line":50,"column":8},"end":{"line":53,"column":9}},"type":"if","locations":[{"start":{"line":50,"column":8},"end":{"line":53,"column":9}},{"start":{"line":50,"column":8},"end":{"line":53,"column":9}}],"line":50}},"s":{"0":2,"1":2,"2":2,"3":2,"4":2,"5":2,"6":2,"7":2,"8":11,"9":0,"10":0,"11":2,"12":4,"13":3,"14":1,"15":1,"16":1,"17":1,"18":1,"19":1,"20":1,"21":1,"22":1},"f":{"0":2,"1":11,"2":0,"3":2,"4":4,"5":3,"6":1,"7":1,"8":1,"9":1,"10":1},"b":{"0":[2,0],"1":[2,0,0],"2":[1,0]},"_coverageSchema":"1a1c01bbd47fc00a2c39e90264f33305004495a9","hash":"fbeea3a955c0dc8ad059b012a2313c19e84026ff"}
,"C:\\Workspace\\free\\pizza_builder\\src\\views\\Bebidas\\Bebidas.vue": {"path":"C:\\Workspace\\free\\pizza_builder\\src\\views\\Bebidas\\Bebidas.vue","statementMap":{"0":{"start":{"line":9,"column":0},"end":{"line":9,"column":null}},"1":{"start":{"line":16,"column":0},"end":{"line":16,"column":null}}},"fnMap":{"0":{"name":"(anonymous_2)","decl":{"start":{"line":15,"column":0},"end":{"line":15,"column":null}},"loc":{"start":{"line":15,"column":0},"end":{"line":24,"column":null}}}},"branchMap":{},"s":{"0":1,"1":0},"f":{"0":0},"b":{}}
,"C:\\Workspace\\free\\pizza_builder\\src\\views\\Home\\Home.vue": {"path":"C:\\Workspace\\free\\pizza_builder\\src\\views\\Home\\Home.vue","statementMap":{"0":{"start":{"line":29,"column":0},"end":{"line":29,"column":null}},"1":{"start":{"line":30,"column":0},"end":{"line":30,"column":null}},"2":{"start":{"line":31,"column":0},"end":{"line":31,"column":null}},"3":{"start":{"line":32,"column":0},"end":{"line":32,"column":null}},"4":{"start":{"line":45,"column":0},"end":{"line":51,"column":null}},"5":{"start":{"line":46,"column":0},"end":{"line":46,"column":null}},"6":{"start":{"line":47,"column":0},"end":{"line":47,"column":null}},"7":{"start":{"line":48,"column":0},"end":{"line":48,"column":null}},"8":{"start":{"line":50,"column":0},"end":{"line":50,"column":null}},"9":{"start":{"line":54,"column":0},"end":{"line":54,"column":null}},"10":{"start":{"line":57,"column":0},"end":{"line":57,"column":null}},"11":{"start":{"line":60,"column":0},"end":{"line":60,"column":null}},"12":{"start":{"line":63,"column":0},"end":{"line":63,"column":null}},"13":{"start":{"line":66,"column":0},"end":{"line":66,"column":null}},"14":{"start":{"line":70,"column":0},"end":{"line":70,"column":null}},"15":{"start":{"line":71,"column":0},"end":{"line":71,"column":null}},"16":{"start":{"line":72,"column":0},"end":{"line":72,"column":null}},"17":{"start":{"line":73,"column":0},"end":{"line":73,"column":null}},"18":{"start":{"line":75,"column":0},"end":{"line":75,"column":null}},"19":{"start":{"line":76,"column":0},"end":{"line":76,"column":null}},"20":{"start":{"line":78,"column":0},"end":{"line":78,"column":null}},"21":{"start":{"line":79,"column":0},"end":{"line":79,"column":null}},"22":{"start":{"line":81,"column":0},"end":{"line":81,"column":null}},"23":{"start":{"line":82,"column":0},"end":{"line":82,"column":null}},"24":{"start":{"line":84,"column":0},"end":{"line":84,"column":null}},"25":{"start":{"line":86,"column":0},"end":{"line":86,"column":null}},"26":{"start":{"line":90,"column":0},"end":{"line":96,"column":null}},"27":{"start":{"line":91,"column":0},"end":{"line":91,"column":null}},"28":{"start":{"line":93,"column":0},"end":{"line":93,"column":null}},"29":{"start":{"line":95,"column":0},"end":{"line":95,"column":null}},"30":{"start":{"line":100,"column":0},"end":{"line":100,"column":null}},"31":{"start":{"line":101,"column":0},"end":{"line":101,"column":null}},"32":{"start":{"line":102,"column":0},"end":{"line":102,"column":null}},"33":{"start":{"line":105,"column":0},"end":{"line":111,"column":null}},"34":{"start":{"line":106,"column":0},"end":{"line":106,"column":null}},"35":{"start":{"line":107,"column":0},"end":{"line":111,"column":null}},"36":{"start":{"line":108,"column":0},"end":{"line":108,"column":null}},"37":{"start":{"line":110,"column":0},"end":{"line":110,"column":null}},"38":{"start":{"line":115,"column":0},"end":{"line":115,"column":null}}},"fnMap":{"0":{"name":"(anonymous_2)","decl":{"start":{"line":44,"column":0},"end":{"line":44,"column":null}},"loc":{"start":{"line":44,"column":0},"end":{"line":52,"column":null}}},"1":{"name":"(anonymous_3)","decl":{"start":{"line":53,"column":0},"end":{"line":53,"column":null}},"loc":{"start":{"line":53,"column":0},"end":{"line":55,"column":null}}},"2":{"name":"(anonymous_4)","decl":{"start":{"line":56,"column":0},"end":{"line":56,"column":null}},"loc":{"start":{"line":56,"column":0},"end":{"line":58,"column":null}}},"3":{"name":"(anonymous_5)","decl":{"start":{"line":59,"column":0},"end":{"line":59,"column":null}},"loc":{"start":{"line":59,"column":0},"end":{"line":61,"column":null}}},"4":{"name":"(anonymous_6)","decl":{"start":{"line":62,"column":0},"end":{"line":62,"column":null}},"loc":{"start":{"line":62,"column":0},"end":{"line":64,"column":null}}},"5":{"name":"(anonymous_7)","decl":{"start":{"line":65,"column":0},"end":{"line":65,"column":null}},"loc":{"start":{"line":65,"column":0},"end":{"line":67,"column":null}}},"6":{"name":"(anonymous_8)","decl":{"start":{"line":69,"column":0},"end":{"line":69,"column":null}},"loc":{"start":{"line":69,"column":0},"end":{"line":87,"column":null}}},"7":{"name":"(anonymous_9)","decl":{"start":{"line":89,"column":0},"end":{"line":89,"column":null}},"loc":{"start":{"line":89,"column":0},"end":{"line":97,"column":null}}},"8":{"name":"(anonymous_10)","decl":{"start":{"line":99,"column":0},"end":{"line":99,"column":null}},"loc":{"start":{"line":99,"column":0},"end":{"line":112,"column":null}}},"9":{"name":"(anonymous_11)","decl":{"start":{"line":114,"column":0},"end":{"line":114,"column":null}},"loc":{"start":{"line":114,"column":0},"end":{"line":143,"column":null}}}},"branchMap":{"0":{"loc":{"start":{"line":45,"column":0},"end":{"line":51,"column":null}},"type":"if","locations":[{"start":{"line":45,"column":0},"end":{"line":51,"column":null}},{"start":{"line":45,"column":0},"end":{"line":51,"column":null}}]},"1":{"loc":{"start":{"line":74,"column":0},"end":{"line":76,"column":null}},"type":"switch","locations":[{"start":{"line":74,"column":0},"end":{"line":76,"column":null}},{"start":{"line":77,"column":0},"end":{"line":79,"column":null}},{"start":{"line":80,"column":0},"end":{"line":82,"column":null}},{"start":{"line":83,"column":0},"end":{"line":84,"column":null}}]},"2":{"loc":{"start":{"line":90,"column":0},"end":{"line":96,"column":null}},"type":"if","locations":[{"start":{"line":90,"column":0},"end":{"line":96,"column":null}},{"start":{"line":90,"column":0},"end":{"line":96,"column":null}}]},"3":{"loc":{"start":{"line":105,"column":0},"end":{"line":111,"column":null}},"type":"if","locations":[{"start":{"line":105,"column":0},"end":{"line":111,"column":null}},{"start":{"line":105,"column":0},"end":{"line":111,"column":null}}]},"4":{"loc":{"start":{"line":105,"column":0},"end":{"line":105,"column":null}},"type":"binary-expr","locations":[{"start":{"line":105,"column":0},"end":{"line":105,"column":null}},{"start":{"line":105,"column":0},"end":{"line":105,"column":null}},{"start":{"line":105,"column":0},"end":{"line":105,"column":null}}]},"5":{"loc":{"start":{"line":107,"column":0},"end":{"line":111,"column":null}},"type":"if","locations":[{"start":{"line":107,"column":0},"end":{"line":111,"column":null}},{"start":{"line":107,"column":0},"end":{"line":111,"column":null}}]},"6":{"loc":{"start":{"line":107,"column":0},"end":{"line":107,"column":null}},"type":"binary-expr","locations":[{"start":{"line":107,"column":0},"end":{"line":107,"column":null}},{"start":{"line":107,"column":0},"end":{"line":107,"column":null}},{"start":{"line":107,"column":0},"end":{"line":107,"column":null}}]}},"s":{"0":2,"1":2,"2":2,"3":2,"4":3,"5":1,"6":1,"7":1,"8":2,"9":0,"10":22,"11":0,"12":7,"13":7,"14":2,"15":2,"16":2,"17":2,"18":2,"19":2,"20":0,"21":0,"22":0,"23":0,"24":0,"25":2,"26":4,"27":1,"28":1,"29":3,"30":7,"31":7,"32":7,"33":7,"34":0,"35":7,"36":5,"37":2,"38":7},"f":{"0":3,"1":0,"2":22,"3":0,"4":7,"5":7,"6":2,"7":4,"8":7,"9":7},"b":{"0":[1,2],"1":[2,0,0,0],"2":[1,3],"3":[0,7],"4":[7,3,0],"5":[5,2],"6":[7,4,4]}}
}
