{"C:\\Workspace\\free\\pizza_builder\\src\\components\\PizzaCard\\PizzaCard.vue": {"path":"C:\\Workspace\\free\\pizza_builder\\src\\components\\PizzaCard\\PizzaCard.vue","statementMap":{"0":{"start":{"line":29,"column":0},"end":{"line":29,"column":null}}},"fnMap":{"0":{"name":"(anonymous_1)","decl":{"start":{"line":28,"column":0},"end":{"line":28,"column":null}},"loc":{"start":{"line":28,"column":0},"end":{"line":30,"column":null}}}},"branchMap":{},"s":{"0":1},"f":{"0":1},"b":{}}
,"C:\\Workspace\\free\\pizza_builder\\src\\store\\mutations.js": {"path":"C:\\Workspace\\free\\pizza_builder\\src\\store\\mutations.js","statementMap":{"0":{"start":{"line":5,"column":16},"end":{"line":5,"column":18}},"1":{"start":{"line":6,"column":6},"end":{"line":9,"column":42}},"2":{"start":{"line":11,"column":6},"end":{"line":17,"column":7}},"3":{"start":{"line":16,"column":8},"end":{"line":16,"column":31}},"4":{"start":{"line":19,"column":6},"end":{"line":19,"column":35}},"5":{"start":{"line":20,"column":6},"end":{"line":20,"column":32}},"6":{"start":{"line":21,"column":6},"end":{"line":21,"column":25}},"7":{"start":{"line":22,"column":6},"end":{"line":22,"column":27}},"8":{"start":{"line":25,"column":6},"end":{"line":25,"column":42}},"9":{"start":{"line":28,"column":20},"end":{"line":28,"column":58}},"10":{"start":{"line":29,"column":6},"end":{"line":29,"column":47}},"11":{"start":{"line":33,"column":6},"end":{"line":33,"column":32}},"12":{"start":{"line":36,"column":6},"end":{"line":36,"column":35}},"13":{"start":{"line":39,"column":6},"end":{"line":39,"column":28}},"14":{"start":{"line":42,"column":6},"end":{"line":42,"column":42}},"15":{"start":{"line":45,"column":6},"end":{"line":45,"column":44}},"16":{"start":{"line":48,"column":18},"end":{"line":48,"column":20}},"17":{"start":{"line":49,"column":6},"end":{"line":54,"column":9}},"18":{"start":{"line":50,"column":8},"end":{"line":53,"column":9}},"19":{"start":{"line":51,"column":10},"end":{"line":51,"column":22}},"20":{"start":{"line":52,"column":10},"end":{"line":52,"column":17}},"21":{"start":{"line":56,"column":6},"end":{"line":56,"column":47}},"22":{"start":{"line":59,"column":6},"end":{"line":59,"column":33}}},"fnMap":{"0":{"name":"(anonymous_0)","decl":{"start":{"line":2,"column":4},"end":{"line":2,"column":5}},"loc":{"start":{"line":2,"column":26},"end":{"line":23,"column":5}},"line":2},"1":{"name":"(anonymous_1)","decl":{"start":{"line":24,"column":4},"end":{"line":24,"column":5}},"loc":{"start":{"line":24,"column":33},"end":{"line":26,"column":5}},"line":24},"2":{"name":"(anonymous_2)","decl":{"start":{"line":27,"column":4},"end":{"line":27,"column":5}},"loc":{"start":{"line":27,"column":31},"end":{"line":30,"column":5}},"line":27},"3":{"name":"(anonymous_3)","decl":{"start":{"line":32,"column":4},"end":{"line":32,"column":5}},"loc":{"start":{"line":32,"column":40},"end":{"line":34,"column":5}},"line":32},"4":{"name":"(anonymous_4)","decl":{"start":{"line":35,"column":4},"end":{"line":35,"column":5}},"loc":{"start":{"line":35,"column":32},"end":{"line":37,"column":5}},"line":35},"5":{"name":"(anonymous_5)","decl":{"start":{"line":38,"column":4},"end":{"line":38,"column":5}},"loc":{"start":{"line":38,"column":34},"end":{"line":40,"column":5}},"line":38},"6":{"name":"(anonymous_6)","decl":{"start":{"line":41,"column":4},"end":{"line":41,"column":5}},"loc":{"start":{"line":41,"column":34},"end":{"line":43,"column":5}},"line":41},"7":{"name":"(anonymous_7)","decl":{"start":{"line":44,"column":4},"end":{"line":44,"column":5}},"loc":{"start":{"line":44,"column":31},"end":{"line":46,"column":5}},"line":44},"8":{"name":"(anonymous_8)","decl":{"start":{"line":47,"column":4},"end":{"line":47,"column":5}},"loc":{"start":{"line":47,"column":33},"end":{"line":57,"column":5}},"line":47},"9":{"name":"(anonymous_9)","decl":{"start":{"line":49,"column":38},"end":{"line":49,"column":39}},"loc":{"start":{"line":49,"column":51},"end":{"line":54,"column":7}},"line":49},"10":{"name":"(anonymous_10)","decl":{"start":{"line":58,"column":4},"end":{"line":58,"column":5}},"loc":{"start":{"line":58,"column":28},"end":{"line":60,"column":5}},"line":58}},"branchMap":{"0":{"loc":{"start":{"line":11,"column":6},"end":{"line":17,"column":7}},"type":"if","locations":[{"start":{"line":11,"column":6},"end":{"line":17,"column":7}},{"start":{"line":11,"column":6},"end":{"line":17,"column":7}}],"line":11},"1":{"loc":{"start":{"line":12,"column":9},"end":{"line":14,"column":30}},"type":"binary-expr","locations":[{"start":{"line":12,"column":9},"end":{"line":12,"column":45}},{"start":{"line":13,"column":10},"end":{"line":13,"column":37}},{"start":{"line":14,"column":10},"end":{"line":14,"column":30}}],"line":12},"2":{"loc":{"start":{"line":50,"column":8},"end":{"line":53,"column":9}},"type":"if","locations":[{"start":{"line":50,"column":8},"end":{"line":53,"column":9}},{"start":{"line":50,"column":8},"end":{"line":53,"column":9}}],"line":50}},"s":{"0":0,"1":0,"2":0,"3":0,"4":0,"5":0,"6":0,"7":0,"8":0,"9":0,"10":0,"11":0,"12":0,"13":0,"14":0,"15":0,"16":0,"17":0,"18":0,"19":0,"20":0,"21":0,"22":1},"f":{"0":0,"1":0,"2":0,"3":0,"4":0,"5":0,"6":0,"7":0,"8":0,"9":0,"10":1},"b":{"0":[0,0],"1":[0,0,0],"2":[0,0]},"_coverageSchema":"1a1c01bbd47fc00a2c39e90264f33305004495a9","hash":"fbeea3a955c0dc8ad059b012a2313c19e84026ff"}
}
