TN:
SF:src\components\BebidaCard\BebidaCard.vue
FN:21,(anonymous_2)
FN:25,(anonymous_3)
FN:28,(anonymous_4)
FN:31,(anonymous_5)
FNF:4
FNH:4
FNDA:1,(anonymous_2)
FNDA:7,(anonymous_3)
FNDA:7,(anonymous_4)
FNDA:1,(anonymous_5)
DA:16,1
DA:22,1
DA:26,7
DA:29,7
DA:32,1
LF:5
LH:5
BRF:0
BRH:0
end_of_record
TN:
SF:src\components\BebidaPedido\BebidaPedido.vue
FN:12,(anonymous_1)
FNF:1
FNH:1
FNDA:1,(anonymous_1)
DA:13,1
LF:1
LH:1
BRF:0
BRH:0
end_of_record
TN:
SF:src\components\PizzaCard\PizzaCard.vue
FN:28,(anonymous_1)
FNF:1
FNH:1
FNDA:1,(anonymous_1)
DA:29,1
LF:1
LH:1
BRF:0
BRH:0
end_of_record
TN:
SF:src\components\SaborCard\SaborCard.vue
FN:23,(anonymous_2)
FN:29,(anonymous_3)
FN:36,(anonymous_4)
FN:39,(anonymous_5)
FN:42,(anonymous_6)
FNF:5
FNH:4
FNDA:7,(anonymous_2)
FNDA:7,(anonymous_3)
FNDA:3,(anonymous_4)
FNDA:0,(anonymous_5)
FNDA:7,(anonymous_6)
DA:18,1
DA:24,7
DA:30,7
DA:31,3
DA:33,4
DA:37,3
DA:40,0
DA:43,7
DA:44,7
DA:45,7
DA:46,1
DA:48,6
LF:12
LH:11
BRDA:30,0,0,3
BRDA:30,0,1,4
BRDA:45,1,0,1
BRDA:45,1,1,6
BRF:4
BRH:4
end_of_record
TN:
SF:src\store\getters.js
FN:2,(anonymous_0)
FN:5,(anonymous_1)
FN:8,(anonymous_2)
FN:11,(anonymous_3)
FN:14,(anonymous_4)
FN:17,(anonymous_5)
FN:17,(anonymous_6)
FN:26,(anonymous_7)
FN:30,(anonymous_8)
FN:31,(anonymous_9)
FN:40,(anonymous_10)
FN:47,(anonymous_11)
FNF:12
FNH:3
FNDA:4,(anonymous_0)
FNDA:0,(anonymous_1)
FNDA:0,(anonymous_2)
FNDA:0,(anonymous_3)
FNDA:0,(anonymous_4)
FNDA:2,(anonymous_5)
FNDA:10,(anonymous_6)
FNDA:0,(anonymous_7)
FNDA:0,(anonymous_8)
FNDA:0,(anonymous_9)
FNDA:0,(anonymous_10)
FNDA:0,(anonymous_11)
DA:3,4
DA:6,0
DA:9,0
DA:12,0
DA:15,0
DA:17,2
DA:18,10
DA:19,10
DA:20,4
DA:21,4
DA:24,10
DA:27,0
DA:28,0
DA:30,0
DA:31,0
DA:32,0
DA:33,0
DA:35,0
DA:39,0
DA:40,0
DA:41,0
DA:42,0
DA:43,0
DA:45,0
DA:48,0
LF:25
LH:7
BRDA:20,0,0,4
BRDA:20,0,1,0
BRDA:32,1,0,0
BRDA:32,1,1,0
BRF:4
BRH:1
end_of_record
TN:
SF:src\store\index.js
FNF:0
FNH:0
DA:5,2
LF:1
LH:1
BRF:0
BRH:0
end_of_record
TN:
SF:src\store\mutations.js
FN:2,(anonymous_0)
FN:24,(anonymous_1)
FN:27,(anonymous_2)
FN:32,(anonymous_3)
FN:35,(anonymous_4)
FN:38,(anonymous_5)
FN:41,(anonymous_6)
FN:44,(anonymous_7)
FN:47,(anonymous_8)
FN:49,(anonymous_9)
FN:58,(anonymous_10)
FNF:11
FNH:6
FNDA:0,(anonymous_0)
FNDA:3,(anonymous_1)
FNDA:0,(anonymous_2)
FNDA:0,(anonymous_3)
FNDA:0,(anonymous_4)
FNDA:0,(anonymous_5)
FNDA:1,(anonymous_6)
FNDA:1,(anonymous_7)
FNDA:1,(anonymous_8)
FNDA:1,(anonymous_9)
FNDA:1,(anonymous_10)
DA:5,0
DA:6,0
DA:11,0
DA:16,0
DA:19,0
DA:20,0
DA:21,0
DA:22,0
DA:25,3
DA:28,0
DA:29,0
DA:33,0
DA:36,0
DA:39,0
DA:42,1
DA:45,1
DA:48,1
DA:49,1
DA:50,1
DA:51,1
DA:52,1
DA:56,1
DA:59,1
LF:23
LH:10
BRDA:11,0,0,0
BRDA:11,0,1,0
BRDA:12,1,0,0
BRDA:12,1,1,0
BRDA:12,1,2,0
BRDA:50,2,0,1
BRDA:50,2,1,0
BRF:7
BRH:1
end_of_record
