TN:
SF:src\components\BebidaCard\BebidaCard.vue
FN:21,(anonymous_2)
FN:25,(anonymous_3)
FN:28,(anonymous_4)
FN:31,(anonymous_5)
FNF:4
FNH:4
FNDA:1,(anonymous_2)
FNDA:7,(anonymous_3)
FNDA:7,(anonymous_4)
FNDA:1,(anonymous_5)
DA:16,2
DA:22,1
DA:26,7
DA:29,7
DA:32,1
LF:5
LH:5
BRF:0
BRH:0
end_of_record
TN:
SF:src\components\BebidaPedido\BebidaPedido.vue
FN:12,(anonymous_1)
FNF:1
FNH:1
FNDA:1,(anonymous_1)
DA:13,1
LF:1
LH:1
BRF:0
BRH:0
end_of_record
TN:
SF:src\components\BordaSection\BordaSection.vue
FN:26,(anonymous_2)
FN:29,(anonymous_3)
FNF:2
FNH:1
FNDA:7,(anonymous_2)
FNDA:0,(anonymous_3)
DA:20,2
DA:27,7
DA:30,0
LF:3
LH:2
BRF:0
BRH:0
end_of_record
TN:
SF:src\components\PizzaCard\PizzaCard.vue
FN:28,(anonymous_1)
FNF:1
FNH:1
FNDA:1,(anonymous_1)
DA:29,1
LF:1
LH:1
BRF:0
BRH:0
end_of_record
TN:
SF:src\components\SaborCard\SaborCard.vue
FN:23,(anonymous_2)
FN:29,(anonymous_3)
FN:36,(anonymous_4)
FN:39,(anonymous_5)
FN:42,(anonymous_6)
FNF:5
FNH:4
FNDA:77,(anonymous_2)
FNDA:77,(anonymous_3)
FNDA:3,(anonymous_4)
FNDA:0,(anonymous_5)
FNDA:77,(anonymous_6)
DA:18,3
DA:24,77
DA:30,77
DA:31,73
DA:33,4
DA:37,3
DA:40,0
DA:43,77
DA:44,77
DA:45,77
DA:46,71
DA:48,6
LF:12
LH:11
BRDA:30,0,0,73
BRDA:30,0,1,4
BRDA:45,1,0,71
BRDA:45,1,1,6
BRF:4
BRH:4
end_of_record
TN:
SF:src\components\TamanhoSection\TamanhoSection.vue
FN:26,(anonymous_2)
FN:29,(anonymous_3)
FNF:2
FNH:1
FNDA:7,(anonymous_2)
FNDA:0,(anonymous_3)
DA:20,2
DA:27,7
DA:31,0
LF:3
LH:2
BRF:0
BRH:0
end_of_record
TN:
SF:src\router\index.js
FN:11,(anonymous_0)
FN:16,(anonymous_1)
FN:21,(anonymous_2)
FN:26,(anonymous_3)
FNF:4
FNH:2
FNDA:1,(anonymous_0)
FNDA:1,(anonymous_1)
FNDA:0,(anonymous_2)
FNDA:0,(anonymous_3)
DA:5,1
DA:7,1
DA:11,1
DA:16,1
DA:21,0
DA:26,0
DA:32,1
LF:7
LH:5
BRF:0
BRH:0
end_of_record
TN:
SF:src\store\getters.js
FN:2,(anonymous_0)
FN:5,(anonymous_1)
FN:8,(anonymous_2)
FN:11,(anonymous_3)
FN:14,(anonymous_4)
FN:17,(anonymous_5)
FN:17,(anonymous_6)
FN:26,(anonymous_7)
FN:30,(anonymous_8)
FN:31,(anonymous_9)
FN:40,(anonymous_10)
FN:47,(anonymous_11)
FNF:12
FNH:6
FNDA:18,(anonymous_0)
FNDA:0,(anonymous_1)
FNDA:9,(anonymous_2)
FNDA:2,(anonymous_3)
FNDA:9,(anonymous_4)
FNDA:2,(anonymous_5)
FNDA:10,(anonymous_6)
FNDA:0,(anonymous_7)
FNDA:0,(anonymous_8)
FNDA:0,(anonymous_9)
FNDA:0,(anonymous_10)
FNDA:0,(anonymous_11)
DA:3,18
DA:6,0
DA:9,9
DA:12,2
DA:15,9
DA:17,2
DA:18,10
DA:19,10
DA:20,4
DA:21,4
DA:24,10
DA:27,0
DA:28,0
DA:30,0
DA:31,0
DA:32,0
DA:33,0
DA:35,0
DA:39,0
DA:40,0
DA:41,0
DA:42,0
DA:43,0
DA:45,0
DA:48,0
LF:25
LH:10
BRDA:20,0,0,4
BRDA:20,0,1,0
BRDA:32,1,0,0
BRDA:32,1,1,0
BRF:4
BRH:1
end_of_record
TN:
SF:src\store\index.js
FNF:0
FNH:0
DA:5,4
LF:1
LH:1
BRF:0
BRH:0
end_of_record
TN:
SF:src\store\mutations.js
FN:2,(anonymous_0)
FN:24,(anonymous_1)
FN:27,(anonymous_2)
FN:32,(anonymous_3)
FN:35,(anonymous_4)
FN:38,(anonymous_5)
FN:41,(anonymous_6)
FN:44,(anonymous_7)
FN:47,(anonymous_8)
FN:49,(anonymous_9)
FN:58,(anonymous_10)
FNF:11
FNH:10
FNDA:2,(anonymous_0)
FNDA:11,(anonymous_1)
FNDA:0,(anonymous_2)
FNDA:2,(anonymous_3)
FNDA:4,(anonymous_4)
FNDA:3,(anonymous_5)
FNDA:1,(anonymous_6)
FNDA:1,(anonymous_7)
FNDA:1,(anonymous_8)
FNDA:1,(anonymous_9)
FNDA:1,(anonymous_10)
DA:5,2
DA:6,2
DA:11,2
DA:16,2
DA:19,2
DA:20,2
DA:21,2
DA:22,2
DA:25,11
DA:28,0
DA:29,0
DA:33,2
DA:36,4
DA:39,3
DA:42,1
DA:45,1
DA:48,1
DA:49,1
DA:50,1
DA:51,1
DA:52,1
DA:56,1
DA:59,1
LF:23
LH:21
BRDA:11,0,0,2
BRDA:11,0,1,0
BRDA:12,1,0,2
BRDA:12,1,1,0
BRDA:12,1,2,0
BRDA:50,2,0,1
BRDA:50,2,1,0
BRF:7
BRH:3
end_of_record
TN:
SF:src\views\Bebidas\Bebidas.vue
FN:15,(anonymous_2)
FNF:1
FNH:0
FNDA:0,(anonymous_2)
DA:9,1
DA:16,0
LF:2
LH:1
BRF:0
BRH:0
end_of_record
TN:
SF:src\views\Home\Home.vue
FN:44,(anonymous_2)
FN:53,(anonymous_3)
FN:56,(anonymous_4)
FN:59,(anonymous_5)
FN:62,(anonymous_6)
FN:65,(anonymous_7)
FN:69,(anonymous_8)
FN:89,(anonymous_9)
FN:99,(anonymous_10)
FN:114,(anonymous_11)
FNF:10
FNH:8
FNDA:3,(anonymous_2)
FNDA:0,(anonymous_3)
FNDA:22,(anonymous_4)
FNDA:0,(anonymous_5)
FNDA:7,(anonymous_6)
FNDA:7,(anonymous_7)
FNDA:2,(anonymous_8)
FNDA:4,(anonymous_9)
FNDA:7,(anonymous_10)
FNDA:7,(anonymous_11)
DA:29,2
DA:30,2
DA:31,2
DA:32,2
DA:45,3
DA:46,1
DA:47,1
DA:48,1
DA:50,2
DA:54,0
DA:57,22
DA:60,0
DA:63,7
DA:66,7
DA:70,2
DA:71,2
DA:72,2
DA:73,2
DA:75,2
DA:76,2
DA:78,0
DA:79,0
DA:81,0
DA:82,0
DA:84,0
DA:86,2
DA:90,4
DA:91,1
DA:93,1
DA:95,3
DA:100,7
DA:101,7
DA:102,7
DA:105,7
DA:106,0
DA:107,7
DA:108,5
DA:110,2
DA:115,7
LF:39
LH:31
BRDA:45,0,0,1
BRDA:45,0,1,2
BRDA:74,1,0,2
BRDA:74,1,1,0
BRDA:74,1,2,0
BRDA:74,1,3,0
BRDA:90,2,0,1
BRDA:90,2,1,3
BRDA:105,3,0,0
BRDA:105,3,1,7
BRDA:105,4,0,7
BRDA:105,4,1,3
BRDA:105,4,2,0
BRDA:107,5,0,5
BRDA:107,5,1,2
BRDA:107,6,0,7
BRDA:107,6,1,4
BRDA:107,6,2,4
BRF:18
BRH:13
end_of_record
